GET /api/categories 304 - - 39.850 ms
GET /api/products 304 - - 73.322 ms
GET /api/product/photo/622a2e98b0af34b7d2d999dd 304 - - 21.408 ms
GET /api/product/photo/622a2ec4b0af34b7d2d999e1 304 - - 37.523 ms
GET /api/product/photo/622a2f04b0af34b7d2d999f7 304 - - 40.149 ms
GET /api/product/photo/622a2f6bb0af34b7d2d999ff 304 - - 46.928 ms
GET /api/product/photo/622a2fa2b0af34b7d2d99a03 304 - - 43.629 ms
GET /api/product/photo/622a2febb0af34b7d2d99a07 304 - - 38.191 ms
GET /api/product/photo/622a2f30b0af34b7d2d999fb 304 - - 80.983 ms
GET /api/product/photo/622b0cff60a841a175404641 304 - - 28.631 ms
GET /api/product/photo/622afd1060a841a175404397 304 - - 37.577 ms
GET /api/product/photo/622a3012b0af34b7d2d99a0b 304 - - 46.623 ms
GET /api/product/photo/622b4974f38802877da4ba0f 304 - - 42.795 ms
GET /api/product/photo/622b49a2f38802877da4ba14 304 - - 43.090 ms
GET /api/products?category=622a2468b4ef418d0402d539 200 1463 - 10.794 ms
GET /api/products?category=622a246db4ef418d0402d53d 304 - - 9.989 ms
GET /api/products?category=622a246db4ef418d0402d53d&sortBy=price 200 1759 - 10.652 ms
GET /api/products?category=622a246db4ef418d0402d53d&sortBy=price&limit=1 304 - - 4.147 ms
GET /api/products?category=622a2468b4ef418d0402d539&sortBy=price&limit=1 200 371 - 3.963 ms
GET /api/product/photo/622a2febb0af34b7d2d99a07 304 - - 5.796 ms
GET /api/categories 304 - - 2.785 ms
GET /api/products 304 - - 44.889 ms
GET /api/product/photo/622a2f04b0af34b7d2d999f7 304 - - 9.511 ms
GET /api/product/photo/622a2febb0af34b7d2d99a07 304 - - 9.583 ms
GET /api/product/photo/622a2e98b0af34b7d2d999dd 304 - - 20.306 ms
GET /api/product/photo/622a2ec4b0af34b7d2d999e1 304 - - 21.415 ms
GET /api/product/photo/622a2f30b0af34b7d2d999fb 304 - - 22.234 ms
GET /api/product/photo/622a2f6bb0af34b7d2d999ff 304 - - 23.813 ms
GET /api/product/photo/622a2fa2b0af34b7d2d99a03 304 - - 24.392 ms
GET /api/product/photo/622a3012b0af34b7d2d99a0b 304 - - 19.978 ms
GET /api/product/photo/622afd1060a841a175404397 304 - - 13.428 ms
GET /api/product/photo/622b0cff60a841a175404641 304 - - 10.902 ms
GET /api/product/photo/622b4974f38802877da4ba0f 304 - - 14.616 ms
GET /api/product/photo/622b49a2f38802877da4ba14 304 - - 15.377 ms
GET /api/signout 304 - - 0.611 ms
GET /api/categories 304 - - 8.712 ms
GET /api/products 304 - - 16.119 ms
POST /api/signin 200 304 - 49.524 ms
GET /api/products 304 - - 16.594 ms
GET /api/categories 304 - - 11.068 ms
GET /api/product/photo/622a2f30b0af34b7d2d999fb 304 - - 19.707 ms
GET /api/product/photo/622a2f6bb0af34b7d2d999ff 304 - - 19.863 ms
GET /api/product/photo/622a2f04b0af34b7d2d999f7 304 - - 27.161 ms
GET /api/product/photo/622a3012b0af34b7d2d99a0b 304 - - 16.939 ms
GET /api/product/photo/622a2fa2b0af34b7d2d99a03 304 - - 36.256 ms
GET /api/product/photo/622a2febb0af34b7d2d99a07 304 - - 33.021 ms
GET /api/product/photo/622afd1060a841a175404397 304 - - 11.826 ms
GET /api/product/photo/622b0cff60a841a175404641 304 - - 11.685 ms
GET /api/product/photo/622b4974f38802877da4ba0f 304 - - 11.934 ms
GET /api/product/photo/622b49a2f38802877da4ba14 304 - - 11.648 ms
GET /api/categories 304 - - 7.701 ms
GET /api/products 304 - - 14.402 ms
GET /api/user/622b09e660a841a175404587 304 - - 12.059 ms
POST /api/stripepayment 200 75 - 1118.603 ms
GET /api/user/622b09e660a841a175404587 200 1381 - 15.766 ms
GET /api/signout 304 - - 0.587 ms
POST /api/signin 200 297 - 6.941 ms
GET /api/categories 304 - - 3.740 ms
POST /api/category/create/622a4238a91be845f33ab38c 200 151 - 8.099 ms
GET /api/signout 304 - - 0.655 ms
POST /api/signin 401 45 - 3.473 ms
POST /api/signin 401 45 - 2.961 ms
POST /api/signin 401 45 - 4.796 ms
POST /api/signin 200 297 - 4.346 ms
GET /api/categories 200 564 - 5.912 ms
PUT /api/category/622b6ee42ba4b0b78ba3f0db/622a4238a91be845f33ab38c 200 153 - 9.777 ms
GET /api/categories 200 567 - 3.739 ms
DELETE /api/category/622b6ee42ba4b0b78ba3f0db/622a4238a91be845f33ab38c 200 57 - 7.873 ms
GET /api/categories 200 425 - 3.154 ms
POST /api/product/create/622a4238a91be845f33ab38c 200 23103 - 45.861 ms
GET /api/categories 304 - - 6.970 ms
GET /api/products 200 4663 - 15.469 ms
GET /api/product/photo/622a2e98b0af34b7d2d999dd 304 - - 12.325 ms
GET /api/product/photo/622a2ec4b0af34b7d2d999e1 304 - - 12.605 ms
GET /api/product/photo/622a2f04b0af34b7d2d999f7 304 - - 12.964 ms
GET /api/product/photo/622a2f30b0af34b7d2d999fb 304 - - 13.176 ms
GET /api/product/photo/622a2f6bb0af34b7d2d999ff 304 - - 11.394 ms
GET /api/product/photo/622a2fa2b0af34b7d2d99a03 304 - - 11.350 ms
GET /api/product/photo/622a2febb0af34b7d2d99a07 304 - - 9.980 ms
GET /api/product/photo/622a3012b0af34b7d2d99a0b 304 - - 18.802 ms
GET /api/product/photo/622afd1060a841a175404397 304 - - 19.423 ms
GET /api/product/photo/622b0cff60a841a175404641 304 - - 19.297 ms
GET /api/product/photo/622b4974f38802877da4ba0f 304 - - 17.342 ms
GET /api/product/photo/622b49a2f38802877da4ba14 304 - - 16.875 ms
GET /api/product/photo/622b6f322ba4b0b78ba3f100 200 6527 - 8.452 ms
GET /api/products 304 - - 11.445 ms
GET /api/categories 304 - - 4.059 ms
PUT /api/product/622b6f322ba4b0b78ba3f100/622a4238a91be845f33ab38c 200 23111 - 65.585 ms
GET /api/products 200 4671 - 17.705 ms
GET /api/categories 304 - - 10.168 ms
GET /api/product/photo/622a2e98b0af34b7d2d999dd 304 - - 11.851 ms
GET /api/product/photo/622a2ec4b0af34b7d2d999e1 304 - - 16.076 ms
GET /api/product/photo/622a2f30b0af34b7d2d999fb 304 - - 19.890 ms
GET /api/product/photo/622a2f04b0af34b7d2d999f7 304 - - 18.092 ms
GET /api/product/photo/622a2f6bb0af34b7d2d999ff 304 - - 18.245 ms
GET /api/product/photo/622a2fa2b0af34b7d2d99a03 304 - - 19.504 ms
GET /api/product/photo/622a3012b0af34b7d2d99a0b 304 - - 8.090 ms
GET /api/product/photo/622a2febb0af34b7d2d99a07 304 - - 13.691 ms
GET /api/product/photo/622b4974f38802877da4ba0f 304 - - 11.779 ms
GET /api/product/photo/622afd1060a841a175404397 304 - - 18.657 ms
GET /api/product/photo/622b0cff60a841a175404641 304 - - 17.962 ms
GET /api/product/photo/622b49a2f38802877da4ba14 304 - - 17.959 ms
GET /api/product/photo/622b6f322ba4b0b78ba3f100 304 - - 13.861 ms
GET /api/products 304 - - 16.384 ms
DELETE /api/product/622b6f322ba4b0b78ba3f100/622a4238a91be845f33ab38c 200 58 - 7.868 ms
GET /api/order/all/622a4238a91be845f33ab38c 200 12093 - 16.609 ms
PUT /api/order/622b6e9f2ba4b0b78ba3f0c1/status/622a4238a91be845f33ab38c 200 92 - 14.559 ms
GET /api/signout 304 - - 0.612 ms
POST /api/signin 200 304 - 3.717 ms
GET /api/products 200 4316 - 14.353 ms
GET /api/categories 304 - - 7.836 ms
GET /api/product/photo/622a2e98b0af34b7d2d999dd 304 - - 14.643 ms
GET /api/product/photo/622a2ec4b0af34b7d2d999e1 304 - - 22.090 ms
GET /api/product/photo/622a2f04b0af34b7d2d999f7 304 - - 18.265 ms
GET /api/product/photo/622a2f30b0af34b7d2d999fb 304 - - 18.142 ms
GET /api/product/photo/622a2f6bb0af34b7d2d999ff 304 - - 17.639 ms
GET /api/product/photo/622a2fa2b0af34b7d2d99a03 304 - - 14.545 ms
GET /api/product/photo/622a2febb0af34b7d2d99a07 304 - - 9.473 ms
GET /api/product/photo/622a3012b0af34b7d2d99a0b 304 - - 14.130 ms
GET /api/product/photo/622afd1060a841a175404397 304 - - 16.623 ms
GET /api/product/photo/622b0cff60a841a175404641 304 - - 16.625 ms
GET /api/product/photo/622b4974f38802877da4ba0f 304 - - 16.714 ms
GET /api/product/photo/622b49a2f38802877da4ba14 304 - - 17.684 ms
GET /api/user/622b09e660a841a175404587 200 1382 - 13.236 ms
GET /api/categories 304 - - 4.800 ms
GET /api/products 304 - - 15.706 ms
GET /api/product/photo/622a2e98b0af34b7d2d999dd 304 - - 15.137 ms
GET /api/product/photo/622a2f04b0af34b7d2d999f7 304 - - 20.749 ms
GET /api/product/photo/622a2ec4b0af34b7d2d999e1 304 - - 19.832 ms
GET /api/product/photo/622a2f30b0af34b7d2d999fb 304 - - 17.046 ms
GET /api/product/photo/622a2f6bb0af34b7d2d999ff 304 - - 16.730 ms
GET /api/product/photo/622a2fa2b0af34b7d2d99a03 304 - - 12.938 ms
GET /api/product/photo/622a3012b0af34b7d2d99a0b 304 - - 14.939 ms
GET /api/product/photo/622a2febb0af34b7d2d99a07 304 - - 20.030 ms
GET /api/product/photo/622afd1060a841a175404397 304 - - 16.186 ms
GET /api/product/photo/622b49a2f38802877da4ba14 304 - - 11.398 ms
GET /api/product/photo/622b4974f38802877da4ba0f 304 - - 14.071 ms
GET /api/product/photo/622b0cff60a841a175404641 304 - - 19.448 ms
GET /api/user/622b09e660a841a175404587 304 - - 11.733 ms
GET /api/products 304 - - 13.694 ms
GET /api/categories 304 - - 7.511 ms
GET /api/product/photo/622a2e98b0af34b7d2d999dd 304 - - 11.660 ms
GET /api/product/photo/622a2ec4b0af34b7d2d999e1 304 - - 11.578 ms
GET /api/product/photo/622a2f30b0af34b7d2d999fb 304 - - 13.481 ms
GET /api/product/photo/622a2f6bb0af34b7d2d999ff 304 - - 13.371 ms
GET /api/product/photo/622a2fa2b0af34b7d2d99a03 304 - - 13.145 ms
GET /api/product/photo/622a2f04b0af34b7d2d999f7 304 - - 19.263 ms
GET /api/product/photo/622a3012b0af34b7d2d99a0b 304 - - 14.040 ms
GET /api/product/photo/622a2febb0af34b7d2d99a07 304 - - 9.294 ms
GET /api/product/photo/622b0cff60a841a175404641 304 - - 12.461 ms
GET /api/product/photo/622afd1060a841a175404397 304 - - 23.384 ms
GET /api/product/photo/622b4974f38802877da4ba0f 304 - - 17.549 ms
GET /api/product/photo/622b49a2f38802877da4ba14 304 - - 18.589 ms
GET /api/product/photo/622a2e98b0af34b7d2d999dd 304 - - 4.546 ms
GET /api/categories 304 - - 4.058 ms
GET /api/products 304 - - 18.740 ms
GET /api/product/photo/622a2ec4b0af34b7d2d999e1 304 - - 16.023 ms
GET /api/product/photo/622a2f30b0af34b7d2d999fb 304 - - 18.752 ms
GET /api/product/photo/622a2f04b0af34b7d2d999f7 304 - - 19.392 ms
GET /api/product/photo/622a2f6bb0af34b7d2d999ff 304 - - 17.396 ms
GET /api/product/photo/622a2febb0af34b7d2d99a07 304 - - 11.661 ms
GET /api/product/photo/622a2fa2b0af34b7d2d99a03 304 - - 18.844 ms
GET /api/product/photo/622afd1060a841a175404397 304 - - 14.495 ms
GET /api/product/photo/622a3012b0af34b7d2d99a0b 304 - - 15.755 ms
GET /api/product/photo/622b0cff60a841a175404641 304 - - 15.563 ms
GET /api/product/photo/622b4974f38802877da4ba0f 304 - - 15.507 ms
GET /api/product/photo/622b49a2f38802877da4ba14 304 - - 15.323 ms
GET /api/categories 304 - - 6.176 ms
GET /api/products 304 - - 11.470 ms
POST /api/stripepayment 200 75 - 1136.660 ms
GET /api/products 304 - - 57.724 ms
GET /api/categories 304 - - 41.014 ms
GET /api/product/photo/622a2ec4b0af34b7d2d999e1 304 - - 29.049 ms
GET /api/product/photo/622a2e98b0af34b7d2d999dd 304 - - 33.356 ms
GET /api/product/photo/622a2f04b0af34b7d2d999f7 304 - - 36.836 ms
GET /api/product/photo/622a2f6bb0af34b7d2d999ff 304 - - 36.552 ms
GET /api/product/photo/622a2fa2b0af34b7d2d99a03 304 - - 37.308 ms
GET /api/product/photo/622a2f30b0af34b7d2d999fb 304 - - 45.491 ms
GET /api/product/photo/622a2febb0af34b7d2d99a07 304 - - 31.929 ms
GET /api/product/photo/622a3012b0af34b7d2d99a0b 304 - - 24.089 ms
GET /api/product/photo/622afd1060a841a175404397 304 - - 13.580 ms
GET /api/product/photo/622b0cff60a841a175404641 304 - - 22.141 ms
GET /api/product/photo/622b4974f38802877da4ba0f 304 - - 21.492 ms
GET /api/product/photo/622b49a2f38802877da4ba14 304 - - 21.209 ms
GET /api/signout 304 - - 0.545 ms
GET /api/categories 304 - - 7.892 ms
GET /api/products 304 - - 19.094 ms
GET /api/products?category=622a246db4ef418d0402d53d 304 - - 19.390 ms
GET /api/products?category=622b0c4f60a841a1754045e4 304 - - 16.987 ms
GET /api/products 304 - - 25.863 ms
GET /api/categories 304 - - 7.128 ms
GET /api/products 304 - - 16.709 ms
GET /api/categories 304 - - 7.712 ms
GET /api/products 304 - - 19.635 ms
POST /api/signup 200 78 - 30.346 ms
POST /api/signup 400 141 - 7.432 ms
POST /api/signin 401 45 - 5.072 ms
POST /api/signin 400 54 - 4.252 ms
POST /api/signin 200 295 - 11.239 ms
GET /api/categories 304 - - 34.487 ms
GET /api/products 304 - - 40.067 ms
GET /api/product/photo/622a2e98b0af34b7d2d999dd 304 - - 8.162 ms
GET /api/product/photo/622a2ec4b0af34b7d2d999e1 304 - - 23.673 ms
GET /api/product/photo/622a2f04b0af34b7d2d999f7 304 - - 25.472 ms
GET /api/product/photo/622a2f30b0af34b7d2d999fb 304 - - 25.946 ms
GET /api/product/photo/622a2f6bb0af34b7d2d999ff 304 - - 26.541 ms
GET /api/product/photo/622a2febb0af34b7d2d99a07 304 - - 28.746 ms
GET /api/product/photo/622a2fa2b0af34b7d2d99a03 304 - - 42.366 ms
GET /api/product/photo/622a3012b0af34b7d2d99a0b 304 - - 21.552 ms
GET /api/product/photo/622afd1060a841a175404397 304 - - 20.445 ms
GET /api/product/photo/622b0cff60a841a175404641 304 - - 17.178 ms
GET /api/product/photo/622b4974f38802877da4ba0f 304 - - 15.238 ms
GET /api/product/photo/622b49a2f38802877da4ba14 304 - - 6.984 ms
GET /api/user/622b7ff1dff8f0c9e46dd502 200 337 - 9.856 ms
GET /api/categories 304 - - 8.340 ms
GET /api/products 304 - - 17.476 ms
POST /api/stripepayment 200 75 - 1296.912 ms
GET /api/products 304 - - 13.575 ms
GET /api/categories 304 - - 32.958 ms
GET /api/product/photo/622a2e98b0af34b7d2d999dd 304 - - 17.113 ms
GET /api/product/photo/622a2f04b0af34b7d2d999f7 304 - - 16.631 ms
GET /api/product/photo/622a2f30b0af34b7d2d999fb 304 - - 20.750 ms
GET /api/product/photo/622a2ec4b0af34b7d2d999e1 304 - - 31.479 ms
GET /api/product/photo/622a2f6bb0af34b7d2d999ff 304 - - 24.947 ms
GET /api/product/photo/622a2fa2b0af34b7d2d99a03 304 - - 24.552 ms
GET /api/product/photo/622a2febb0af34b7d2d99a07 304 - - 17.775 ms
GET /api/product/photo/622a3012b0af34b7d2d99a0b 304 - - 20.522 ms
GET /api/product/photo/622afd1060a841a175404397 304 - - 21.059 ms
GET /api/product/photo/622b0cff60a841a175404641 304 - - 20.842 ms
GET /api/product/photo/622b4974f38802877da4ba0f 304 - - 20.697 ms
GET /api/product/photo/622b49a2f38802877da4ba14 304 - - 18.806 ms
GET /api/user/622b7ff1dff8f0c9e46dd502 200 885 - 20.560 ms
GET /api/signout 304 - - 0.588 ms
POST /api/signin 200 297 - 5.893 ms
GET /api/order/all/622a4238a91be845f33ab38c 200 13004 - 20.576 ms
POST /api/category/create/622b7ff1dff8f0c9e46dd502 403 47 - 2.938 ms
POST /api/category/create/622b7ff1dff8f0c9e46dd502 403 47 - 5.303 ms
POST /api/category/create/622b7ff1dff8f0c9e46dd502 403 47 - 5.827 ms
POST /api/category/create/622b7ff1dff8f0c9e46dd502 403 47 - 6.250 ms
POST /api/category/create/622b7ff1dff8f0c9e46dd502 403 47 - 4.774 ms
POST /api/category/create/622b7ff1dff8f0c9e46dd502 403 47 - 3.778 ms
POST /api/category/create/622b7ff1dff8f0c9e46dd502 403 47 - 5.008 ms
POST /api/category/create/622a4238a91be845f33ab38c 200 150 - 14.489 ms
GET /api/categories 200 563 - 6.011 ms
PUT /api/category/622b80d3dff8f0c9e46dd58a/622a4238a91be845f33ab38c 200 151 - 10.772 ms
GET /api/categories 200 565 - 6.872 ms
DELETE /api/category/622b80d3dff8f0c9e46dd58a/622a4238a91be845f33ab38c 200 55 - 10.441 ms
GET /api/categories 200 425 - 4.443 ms
POST /api/product/create/622a4238a91be845f33ab38c 200 28474 - 45.725 ms
GET /api/categories 304 - - 7.477 ms
GET /api/products 200 4668 - 16.495 ms
GET /api/product/photo/622a2e98b0af34b7d2d999dd 304 - - 18.823 ms
GET /api/product/photo/622a2ec4b0af34b7d2d999e1 304 - - 17.493 ms
GET /api/product/photo/622a2f04b0af34b7d2d999f7 304 - - 17.095 ms
GET /api/product/photo/622a2f30b0af34b7d2d999fb 304 - - 20.043 ms
GET /api/product/photo/622a2f6bb0af34b7d2d999ff 304 - - 14.545 ms
GET /api/product/photo/622a2fa2b0af34b7d2d99a03 304 - - 14.433 ms
GET /api/product/photo/622a2febb0af34b7d2d99a07 304 - - 13.849 ms
GET /api/product/photo/622a3012b0af34b7d2d99a0b 304 - - 15.718 ms
GET /api/product/photo/622afd1060a841a175404397 304 - - 20.340 ms
GET /api/product/photo/622b0cff60a841a175404641 304 - - 19.333 ms
GET /api/product/photo/622b4974f38802877da4ba0f 304 - - 18.390 ms
GET /api/product/photo/622b49a2f38802877da4ba14 304 - - 15.624 ms
GET /api/product/photo/622b8113dff8f0c9e46dd59f 200 7994 - 11.154 ms
GET /api/products 304 - - 16.533 ms
GET /api/categories 304 - - 5.019 ms
PUT /api/product/622b8113dff8f0c9e46dd59f/622a4238a91be845f33ab38c 200 28460 - 41.815 ms
GET /api/products 200 4654 - 16.805 ms
GET /api/categories 304 - - 6.887 ms
GET /api/product/photo/622a2e98b0af34b7d2d999dd 304 - - 13.903 ms
GET /api/product/photo/622a2ec4b0af34b7d2d999e1 304 - - 13.152 ms
GET /api/product/photo/622a2f04b0af34b7d2d999f7 304 - - 14.016 ms
GET /api/product/photo/622a2f30b0af34b7d2d999fb 304 - - 13.982 ms
GET /api/product/photo/622a2f6bb0af34b7d2d999ff 304 - - 17.837 ms
GET /api/product/photo/622a2fa2b0af34b7d2d99a03 304 - - 16.095 ms
GET /api/product/photo/622a2febb0af34b7d2d99a07 304 - - 16.179 ms
GET /api/product/photo/622a3012b0af34b7d2d99a0b 304 - - 15.334 ms
GET /api/product/photo/622afd1060a841a175404397 304 - - 19.364 ms
GET /api/product/photo/622b0cff60a841a175404641 304 - - 19.425 ms
GET /api/product/photo/622b4974f38802877da4ba0f 304 - - 19.705 ms
GET /api/product/photo/622b49a2f38802877da4ba14 304 - - 15.432 ms
GET /api/product/photo/622b8113dff8f0c9e46dd59f 304 - - 14.355 ms
GET /api/order/all/622a4238a91be845f33ab38c 304 - - 20.196 ms
GET /api/products 304 - - 15.778 ms
DELETE /api/product/622b8113dff8f0c9e46dd59f/622a4238a91be845f33ab38c 200 52 - 8.378 ms
GET /api/order/all/622a4238a91be845f33ab38c 304 - - 20.852 ms
PUT /api/order/622b8095dff8f0c9e46dd529/status/622a4238a91be845f33ab38c 200 92 - 9.708 ms
GET /api/signout 304 - - 0.328 ms
POST /api/signin 200 295 - 4.790 ms
GET /api/categories 304 - - 4.991 ms
GET /api/products 200 4316 - 11.923 ms
GET /api/product/photo/622a2e98b0af34b7d2d999dd 304 - - 13.467 ms
GET /api/product/photo/622a2ec4b0af34b7d2d999e1 304 - - 15.528 ms
GET /api/product/photo/622a2f04b0af34b7d2d999f7 304 - - 19.305 ms
GET /api/product/photo/622a2f30b0af34b7d2d999fb 304 - - 16.149 ms
GET /api/product/photo/622a2fa2b0af34b7d2d99a03 304 - - 17.637 ms
GET /api/product/photo/622a2f6bb0af34b7d2d999ff 304 - - 22.873 ms
GET /api/product/photo/622b0cff60a841a175404641 304 - - 13.890 ms
GET /api/product/photo/622a3012b0af34b7d2d99a0b 304 - - 26.700 ms
GET /api/product/photo/622a2febb0af34b7d2d99a07 304 - - 31.264 ms
GET /api/product/photo/622b4974f38802877da4ba0f 304 - - 19.457 ms
GET /api/product/photo/622afd1060a841a175404397 304 - - 29.209 ms
GET /api/product/photo/622b49a2f38802877da4ba14 304 - - 18.464 ms
GET /api/user/622b7ff1dff8f0c9e46dd502 200 886 - 8.193 ms
